{"message":"Note with id 1 deleted.","level":"info"}
{"message":"Note with id 2 deleted.","level":"info"}
{"message":"Note with id 1 not found.","level":"error"}
{"message":"Note with id 1 not found.","level":"error"}
{"message":"Note with id 1 not found.","level":"error"}
{"message":"Note with id 3 deleted.","level":"info"}
{"message":"Note with id 4 deleted.","level":"info"}
{"message":"Note with id 6 deleted.","level":"info"}
{"message":"Note with id 7 deleted.","level":"info"}
{"message":"Note with id 8 deleted.","level":"info"}
{"message":"Note with id 9 deleted.","level":"info"}
{"message":"Note with id 10 deleted.","level":"info"}
{"message":"Note with id 11 deleted.","level":"info"}
{"message":"insert into \"notes\" (\"content\", \"folderId\", \"modified\", \"name\") values ($1, $2, $3, $4) returning * - column \"folderId\" of relation \"notes\" does not exist","level":"error"}
{"message":"Note with id 5 deleted.","level":"info"}
{"message":"Note with id 12 deleted.","level":"info"}
{"message":"Note with id 13 deleted.","level":"info"}
{"message":"Note with id 14 deleted.","level":"info"}
{"message":"Note with id 1 deleted.","level":"info"}
{"message":"Note with id 2 deleted.","level":"info"}
{"message":"Folder with id 4 created.","level":"info"}
{"message":"Note with id 3 deleted.","level":"info"}
{"message":"Note with id 4 deleted.","level":"info"}
{"message":"Note with id 3 not found.","level":"error"}
{"message":"Note with id 5 deleted.","level":"info"}
{"message":"Note with id 6 deleted.","level":"info"}
{"message":"insert into \"notes\" (\"content\", \"folderId\", \"modified\", \"name\") values ($1, $2, $3, $4) returning * - column \"folderId\" of relation \"notes\" does not exist","level":"error"}
{"message":"Folder with id 5 created.","level":"info"}
{"message":"insert into \"notes\" (\"content\", \"folderId\", \"modified\", \"name\") values ($1, $2, $3, $4) returning * - column \"folderId\" of relation \"notes\" does not exist","level":"error"}
{"message":"insert into \"notes\" (\"content\", \"folderId\", \"modified\", \"name\") values ($1, $2, $3, $4) returning * - column \"folderId\" of relation \"notes\" does not exist","level":"error"}
{"message":"Note with id 15 created.","level":"info"}
